{"level":"info","message":"Title: quis ut nam facilis et officia quiCompleted: falsetodoID: 2"}
{"level":"info","message":"Title: et porro temporaCompleted: truetodoID: 4"}
{"level":"info","message":"Title: qui ullam ratione quibusdam voluptatem quia omnisCompleted: falsetodoID: 6"}
{"level":"info","message":"Title: quo adipisci enim quam ut abCompleted: truetodoID: 8"}
{"level":"info","message":"Title: illo est ratione doloremque quia maiores autCompleted: truetodoID: 10"}
{"level":"info","message":"Title: ipsa repellendus fugit nisiCompleted: truetodoID: 12"}
{"level":"info","message":"Title: repellendus sunt dolores architecto voluptatumCompleted: truetodoID: 14"}
{"level":"info","message":"Title: accusamus eos facilis sint et aut voluptatemCompleted: truetodoID: 16"}
{"level":"info","message":"Title: dolorum est consequatur ea mollitia in culpaCompleted: falsetodoID: 18"}
{"level":"info","message":"Title: ullam nobis libero sapiente ad optio sintCompleted: truetodoID: 20"}
{"level":"info","message":"Title: distinctio vitae autem nihil ut molestias quoCompleted: truetodoID: 22"}
{"level":"info","message":"Title: adipisci non ad dicta qui amet quaerat doloribus eaCompleted: falsetodoID: 24"}
{"level":"info","message":"Title: aliquam aut quasiCompleted: truetodoID: 26"}
{"level":"info","message":"Title: nesciunt totam sit blanditiis sitCompleted: falsetodoID: 28"}
{"level":"info","message":"Title: nemo perspiciatis repellat ut dolor libero commodi blanditiis omnisCompleted: truetodoID: 30"}
{"level":"info","message":"Title: earum doloribus ea doloremque quisCompleted: falsetodoID: 32"}
{"level":"info","message":"Title: porro aut necessitatibus eaque distinctioCompleted: falsetodoID: 34"}
{"level":"info","message":"Title: excepturi deleniti adipisci voluptatem et neque optio illum adCompleted: truetodoID: 36"}
{"level":"info","message":"Title: totam quia nonCompleted: falsetodoID: 38"}
{"level":"info","message":"Title: totam atque quo nesciuntCompleted: truetodoID: 40"}
